<?xml version="1.0" encoding="UTF-8"?>
<!-- Generated by org.testng.reporters.JUnitReportReporter -->
<testsuite hostname="GGKU5HP2158" failures="0" tests="2" name="testcases.LoginTest" time="37.102" errors="0" timestamp="29 Oct 2024 06:43:58 GMT" skipped="0">
  <testcase classname="testcases.LoginTest" name="LoginFailiureTest" time="14.212"/>
  <testcase classname="testcases.LoginTest" name="LoginSuccessTest" time="22.890"/>
</testsuite> <!-- testcases.LoginTest -->
